# JRE version: Java(TM) SE Runtime Environment (21.0+35) (build 21+35-LTS-2513)
# Java VM: Java HotSpot(TM) 64-Bit Server VM (21+35-LTS-2513, mixed mode, sharing, tiered, compressed oops, compressed class ptrs, g1 gc, windows-amd64)
GC Precious Log:
 CardTable entry size: 512
 Card Set container configuration: InlinePtr #cards 5 size 8 Array Of Cards #cards 12 size 40 Howl #buckets 4 coarsen threshold 1843 Howl Bitmap #cards 512 size 80 coarsen threshold 460 Card regions per heap region 1 cards per card region 2048
 CPUs: 4 total, 4 available
 Memory: 6095M
 Large Page Support: Disabled
 NUMA Support: Disabled
 Compressed Oops: Enabled (32-bit)
 Heap Region Size: 1M
 Heap Min Capacity: 8M
 Heap Initial Capacity: 96M
 Heap Max Capacity: 2G
 Pre-touch: Disabled
 Parallel Workers: 4
 Concurrent Workers: 1
 Concurrent Refinement Workers: 4
 Periodic GC: Disabled
Heap:
 garbage-first heap   total 242688K, used 211267K [0x0000000080000000, 0x0000000100000000)
  region size 1024K, 91 young (93184K), 2 survivors (2048K)
 Metaspace       used 114694K, committed 116992K, reserved 1179648K
  class space    used 16042K, committed 17152K, reserved 1048576K
GC Heap History (20 events):
Event: 30.718 GC heap before
{Heap before GC invocations=34 (full 0):
 garbage-first heap   total 159744K, used 144201K [0x0000000080000000, 0x0000000100000000)
  region size 1024K, 62 young (63488K), 5 survivors (5120K)
 Metaspace       used 86905K, committed 89088K, reserved 1179648K
  class space    used 12240K, committed 13312K, reserved 1048576K
}
Event: 30.735 GC heap after
{Heap after GC invocations=35 (full 0):
 garbage-first heap   total 159744K, used 91762K [0x0000000080000000, 0x0000000100000000)
  region size 1024K, 8 young (8192K), 8 survivors (8192K)
 Metaspace       used 86905K, committed 89088K, reserved 1179648K
  class space    used 12240K, committed 13312K, reserved 1048576K
}
Event: 32.007 GC heap before
{Heap before GC invocations=36 (full 0):
 garbage-first heap   total 160768K, used 141938K [0x0000000080000000, 0x0000000100000000)
  region size 1024K, 57 young (58368K), 8 survivors (8192K)
 Metaspace       used 91435K, committed 93632K, reserved 1179648K
  class space    used 12897K, committed 13952K, reserved 1048576K
}
Event: 32.023 GC heap after
{Heap after GC invocations=37 (full 0):
 garbage-first heap   total 160768K, used 94865K [0x0000000080000000, 0x0000000100000000)
  region size 1024K, 3 young (3072K), 3 survivors (3072K)
 Metaspace       used 91435K, committed 93632K, reserved 1179648K
  class space    used 12897K, committed 13952K, reserved 1048576K
}
Event: 33.675 GC heap before
{Heap before GC invocations=37 (full 0):
 garbage-first heap   total 160768K, used 147089K [0x0000000080000000, 0x0000000100000000)
  region size 1024K, 55 young (56320K), 3 survivors (3072K)
 Metaspace       used 95650K, committed 97856K, reserved 1179648K
  class space    used 13522K, committed 14592K, reserved 1048576K
}
Event: 33.689 GC heap after
{Heap after GC invocations=38 (full 0):
 garbage-first heap   total 160768K, used 98828K [0x0000000080000000, 0x0000000100000000)
  region size 1024K, 7 young (7168K), 7 survivors (7168K)
 Metaspace       used 95650K, committed 97856K, reserved 1179648K
  class space    used 13522K, committed 14592K, reserved 1048576K
}
Event: 35.078 GC heap before
{Heap before GC invocations=38 (full 0):
 garbage-first heap   total 160768K, used 142860K [0x0000000080000000, 0x0000000100000000)
  region size 1024K, 51 young (52224K), 7 survivors (7168K)
 Metaspace       used 98730K, committed 101056K, reserved 1179648K
  class space    used 13894K, committed 15040K, reserved 1048576K
}
Event: 35.094 GC heap after
{Heap after GC invocations=39 (full 0):
 garbage-first heap   total 160768K, used 103719K [0x0000000080000000, 0x0000000100000000)
  region size 1024K, 5 young (5120K), 5 survivors (5120K)
 Metaspace       used 98730K, committed 101056K, reserved 1179648K
  class space    used 13894K, committed 15040K, reserved 1048576K
}
Event: 45.059 GC heap before
{Heap before GC invocations=40 (full 0):
 garbage-first heap   total 178176K, used 145703K [0x0000000080000000, 0x0000000100000000)
  region size 1024K, 45 young (46080K), 5 survivors (5120K)
 Metaspace       used 102820K, committed 105088K, reserved 1179648K
  class space    used 14482K, committed 15616K, reserved 1048576K
}
Event: 45.070 GC heap after
{Heap after GC invocations=41 (full 0):
 garbage-first heap   total 178176K, used 108639K [0x0000000080000000, 0x0000000100000000)
  region size 1024K, 3 young (3072K), 3 survivors (3072K)
 Metaspace       used 102820K, committed 105088K, reserved 1179648K
  class space    used 14482K, committed 15616K, reserved 1048576K
}
Event: 46.131 GC heap before
{Heap before GC invocations=41 (full 0):
 garbage-first heap   total 178176K, used 162911K [0x0000000080000000, 0x0000000100000000)
  region size 1024K, 57 young (58368K), 3 survivors (3072K)
 Metaspace       used 108247K, committed 110656K, reserved 1179648K
  class space    used 15207K, committed 16384K, reserved 1048576K
}
Event: 46.143 GC heap after
{Heap after GC invocations=42 (full 0):
 garbage-first heap   total 178176K, used 110106K [0x0000000080000000, 0x0000000100000000)
  region size 1024K, 6 young (6144K), 6 survivors (6144K)
 Metaspace       used 108247K, committed 110656K, reserved 1179648K
  class space    used 15207K, committed 16384K, reserved 1048576K
}
Event: 46.864 GC heap before
{Heap before GC invocations=42 (full 0):
 garbage-first heap   total 178176K, used 138778K [0x0000000080000000, 0x0000000100000000)
  region size 1024K, 35 young (35840K), 6 survivors (6144K)
 Metaspace       used 111458K, committed 113792K, reserved 1179648K
  class space    used 15728K, committed 16896K, reserved 1048576K
}
Event: 46.873 GC heap after
{Heap after GC invocations=43 (full 0):
 garbage-first heap   total 178176K, used 111571K [0x0000000080000000, 0x0000000100000000)
  region size 1024K, 5 young (5120K), 5 survivors (5120K)
 Metaspace       used 111458K, committed 113792K, reserved 1179648K
  class space    used 15728K, committed 16896K, reserved 1048576K
}
Event: 47.978 GC heap before
{Heap before GC invocations=44 (full 0):
 garbage-first heap   total 229376K, used 178131K [0x0000000080000000, 0x0000000100000000)
  region size 1024K, 52 young (53248K), 5 survivors (5120K)
 Metaspace       used 113441K, committed 115776K, reserved 1179648K
  class space    used 16003K, committed 17152K, reserved 1048576K
}
Event: 47.986 GC heap after
{Heap after GC invocations=45 (full 0):
 garbage-first heap   total 229376K, used 118606K [0x0000000080000000, 0x0000000100000000)
  region size 1024K, 2 young (2048K), 2 survivors (2048K)
 Metaspace       used 113441K, committed 115776K, reserved 1179648K
  class space    used 16003K, committed 17152K, reserved 1048576K
}
Event: 49.343 GC heap before
{Heap before GC invocations=45 (full 0):
 garbage-first heap   total 229376K, used 211790K [0x0000000080000000, 0x0000000100000000)
  region size 1024K, 93 young (95232K), 2 survivors (2048K)
 Metaspace       used 114506K, committed 116864K, reserved 1179648K
  class space    used 16040K, committed 17152K, reserved 1048576K
}
Event: 49.357 GC heap after
{Heap after GC invocations=46 (full 0):
 garbage-first heap   total 229376K, used 119128K [0x0000000080000000, 0x0000000100000000)
  region size 1024K, 3 young (3072K), 3 survivors (3072K)
 Metaspace       used 114506K, committed 116864K, reserved 1179648K
  class space    used 16040K, committed 17152K, reserved 1048576K
}
Event: 50.044 GC heap before
{Heap before GC invocations=46 (full 0):
 garbage-first heap   total 229376K, used 213336K [0x0000000080000000, 0x0000000100000000)
  region size 1024K, 95 young (97280K), 3 survivors (3072K)
 Metaspace       used 114649K, committed 116992K, reserved 1179648K
  class space    used 16041K, committed 17152K, reserved 1048576K
}
Event: 50.056 GC heap after
{Heap after GC invocations=47 (full 0):
 garbage-first heap   total 229376K, used 120131K [0x0000000080000000, 0x0000000100000000)
  region size 1024K, 4 young (4096K), 4 survivors (4096K)
 Metaspace       used 114649K, committed 116992K, reserved 1179648K
  class space    used 16041K, committed 17152K, reserved 1048576K
}

