# JRE version: Java(TM) SE Runtime Environment (21.0+35) (build 21+35-LTS-2513)
# Java VM: Java HotSpot(TM) 64-Bit Server VM (21+35-LTS-2513, mixed mode, sharing, tiered, compressed oops, compressed class ptrs, g1 gc, windows-amd64)
GC Precious Log:
 CardTable entry size: 512
 Card Set container configuration: InlinePtr #cards 5 size 8 Array Of Cards #cards 12 size 40 Howl #buckets 4 coarsen threshold 1843 Howl Bitmap #cards 512 size 80 coarsen threshold 460 Card regions per heap region 1 cards per card region 2048
 CPUs: 4 total, 4 available
 Memory: 6095M
 Large Page Support: Disabled
 NUMA Support: Disabled
 Compressed Oops: Enabled (32-bit)
 Heap Region Size: 1M
 Heap Min Capacity: 8M
 Heap Initial Capacity: 96M
 Heap Max Capacity: 2G
 Pre-touch: Disabled
 Parallel Workers: 4
 Concurrent Workers: 1
 Concurrent Refinement Workers: 4
 Periodic GC: Disabled
Heap:
 garbage-first heap   total 275456K, used 206150K [0x0000000080000000, 0x0000000100000000)
  region size 1024K, 55 young (56320K), 9 survivors (9216K)
 Metaspace       used 152645K, committed 155456K, reserved 1245184K
  class space    used 19902K, committed 21312K, reserved 1048576K
GC Heap History (20 events):
Event: 174.214 GC heap before
{Heap before GC invocations=47 (full 0):
 garbage-first heap   total 211968K, used 151032K [0x0000000080000000, 0x0000000100000000)
  region size 1024K, 31 young (31744K), 7 survivors (7168K)
 Metaspace       used 123739K, committed 126208K, reserved 1179648K
  class space    used 15904K, committed 17152K, reserved 1048576K
}
Event: 174.228 GC heap after
{Heap after GC invocations=48 (full 0):
 garbage-first heap   total 211968K, used 132367K [0x0000000080000000, 0x0000000100000000)
  region size 1024K, 8 young (8192K), 8 survivors (8192K)
 Metaspace       used 123739K, committed 126208K, reserved 1179648K
  class space    used 15904K, committed 17152K, reserved 1048576K
}
Event: 176.694 GC heap before
{Heap before GC invocations=49 (full 0):
 garbage-first heap   total 232448K, used 192783K [0x0000000080000000, 0x0000000100000000)
  region size 1024K, 65 young (66560K), 8 survivors (8192K)
 Metaspace       used 128302K, committed 130816K, reserved 1179648K
  class space    used 16441K, committed 17664K, reserved 1048576K
}
Event: 176.704 GC heap after
{Heap after GC invocations=50 (full 0):
 garbage-first heap   total 232448K, used 138838K [0x0000000080000000, 0x0000000100000000)
  region size 1024K, 9 young (9216K), 9 survivors (9216K)
 Metaspace       used 128302K, committed 130816K, reserved 1179648K
  class space    used 16441K, committed 17664K, reserved 1048576K
}
Event: 178.932 GC heap before
{Heap before GC invocations=50 (full 0):
 garbage-first heap   total 232448K, used 214614K [0x0000000080000000, 0x0000000100000000)
  region size 1024K, 77 young (78848K), 9 survivors (9216K)
 Metaspace       used 132740K, committed 135424K, reserved 1179648K
  class space    used 17109K, committed 18432K, reserved 1048576K
}
Event: 178.948 GC heap after
{Heap after GC invocations=51 (full 0):
 garbage-first heap   total 232448K, used 142445K [0x0000000080000000, 0x0000000100000000)
  region size 1024K, 10 young (10240K), 10 survivors (10240K)
 Metaspace       used 132740K, committed 135424K, reserved 1179648K
  class space    used 17109K, committed 18432K, reserved 1048576K
}
Event: 179.976 GC heap before
{Heap before GC invocations=51 (full 0):
 garbage-first heap   total 232448K, used 170093K [0x0000000080000000, 0x0000000100000000)
  region size 1024K, 38 young (38912K), 10 survivors (10240K)
 Metaspace       used 134575K, committed 137216K, reserved 1179648K
  class space    used 17348K, committed 18688K, reserved 1048576K
}
Event: 179.990 GC heap after
{Heap after GC invocations=52 (full 0):
 garbage-first heap   total 232448K, used 144034K [0x0000000080000000, 0x0000000100000000)
  region size 1024K, 2 young (2048K), 2 survivors (2048K)
 Metaspace       used 134575K, committed 137216K, reserved 1179648K
  class space    used 17348K, committed 18688K, reserved 1048576K
}
Event: 184.697 GC heap before
{Heap before GC invocations=53 (full 0):
 garbage-first heap   total 250880K, used 214690K [0x0000000080000000, 0x0000000100000000)
  region size 1024K, 70 young (71680K), 2 survivors (2048K)
 Metaspace       used 140247K, committed 142848K, reserved 1179648K
  class space    used 18088K, committed 19392K, reserved 1048576K
}
Event: 184.705 GC heap after
{Heap after GC invocations=54 (full 0):
 garbage-first heap   total 250880K, used 148927K [0x0000000080000000, 0x0000000100000000)
  region size 1024K, 5 young (5120K), 5 survivors (5120K)
 Metaspace       used 140247K, committed 142848K, reserved 1179648K
  class space    used 18088K, committed 19392K, reserved 1048576K
}
Event: 195.916 GC heap before
{Heap before GC invocations=54 (full 0):
 garbage-first heap   total 250880K, used 230847K [0x0000000080000000, 0x0000000100000000)
  region size 1024K, 84 young (86016K), 5 survivors (5120K)
 Metaspace       used 142191K, committed 144896K, reserved 1179648K
  class space    used 18370K, committed 19712K, reserved 1048576K
}
Event: 195.940 GC heap after
{Heap after GC invocations=55 (full 0):
 garbage-first heap   total 250880K, used 147456K [0x0000000080000000, 0x0000000100000000)
  region size 1024K, 11 young (11264K), 11 survivors (11264K)
 Metaspace       used 142191K, committed 144896K, reserved 1179648K
  class space    used 18370K, committed 19712K, reserved 1048576K
}
Event: 196.036 GC heap before
{Heap before GC invocations=55 (full 0):
 garbage-first heap   total 250880K, used 152576K [0x0000000080000000, 0x0000000100000000)
  region size 1024K, 17 young (17408K), 11 survivors (11264K)
 Metaspace       used 142220K, committed 144896K, reserved 1179648K
  class space    used 18370K, committed 19712K, reserved 1048576K
}
Event: 196.051 GC heap after
{Heap after GC invocations=56 (full 0):
 garbage-first heap   total 250880K, used 149752K [0x0000000080000000, 0x0000000100000000)
  region size 1024K, 2 young (2048K), 2 survivors (2048K)
 Metaspace       used 142220K, committed 144896K, reserved 1179648K
  class space    used 18370K, committed 19712K, reserved 1048576K
}
Event: 198.349 GC heap before
{Heap before GC invocations=57 (full 0):
 garbage-first heap   total 275456K, used 216312K [0x0000000080000000, 0x0000000100000000)
  region size 1024K, 66 young (67584K), 2 survivors (2048K)
 Metaspace       used 142314K, committed 145024K, reserved 1179648K
  class space    used 18370K, committed 19712K, reserved 1048576K
}
Event: 198.360 GC heap after
{Heap after GC invocations=58 (full 0):
 garbage-first heap   total 275456K, used 154906K [0x0000000080000000, 0x0000000100000000)
  region size 1024K, 7 young (7168K), 7 survivors (7168K)
 Metaspace       used 142314K, committed 145024K, reserved 1179648K
  class space    used 18370K, committed 19712K, reserved 1048576K
}
Event: 201.130 GC heap before
{Heap before GC invocations=58 (full 0):
 garbage-first heap   total 275456K, used 236826K [0x0000000080000000, 0x0000000100000000)
  region size 1024K, 87 young (89088K), 7 survivors (7168K)
 Metaspace       used 146415K, committed 149184K, reserved 1179648K
  class space    used 18972K, committed 20288K, reserved 1048576K
}
Event: 201.145 GC heap after
{Heap after GC invocations=59 (full 0):
 garbage-first heap   total 275456K, used 159637K [0x0000000080000000, 0x0000000100000000)
  region size 1024K, 11 young (11264K), 11 survivors (11264K)
 Metaspace       used 146415K, committed 149184K, reserved 1179648K
  class space    used 18972K, committed 20288K, reserved 1048576K
}
Event: 206.433 GC heap before
{Heap before GC invocations=59 (full 0):
 garbage-first heap   total 275456K, used 241557K [0x0000000080000000, 0x0000000100000000)
  region size 1024K, 91 young (93184K), 11 survivors (11264K)
 Metaspace       used 151365K, committed 154176K, reserved 1245184K
  class space    used 19730K, committed 21120K, reserved 1048576K
}
Event: 206.458 GC heap after
{Heap after GC invocations=60 (full 0):
 garbage-first heap   total 275456K, used 160070K [0x0000000080000000, 0x0000000100000000)
  region size 1024K, 9 young (9216K), 9 survivors (9216K)
 Metaspace       used 151365K, committed 154176K, reserved 1245184K
  class space    used 19730K, committed 21120K, reserved 1048576K
}

