# JRE version: Java(TM) SE Runtime Environment (21.0+35) (build 21+35-LTS-2513)
# Java VM: Java HotSpot(TM) 64-Bit Server VM (21+35-LTS-2513, mixed mode, sharing, tiered, compressed oops, compressed class ptrs, g1 gc, windows-amd64)
GC Precious Log:
 CardTable entry size: 512
 Card Set container configuration: InlinePtr #cards 5 size 8 Array Of Cards #cards 12 size 40 Howl #buckets 4 coarsen threshold 1843 Howl Bitmap #cards 512 size 80 coarsen threshold 460 Card regions per heap region 1 cards per card region 2048
 CPUs: 4 total, 4 available
 Memory: 6095M
 Large Page Support: Disabled
 NUMA Support: Disabled
 Compressed Oops: Enabled (32-bit)
 Heap Region Size: 1M
 Heap Min Capacity: 8M
 Heap Initial Capacity: 96M
 Heap Max Capacity: 2G
 Pre-touch: Disabled
 Parallel Workers: 4
 Concurrent Workers: 1
 Concurrent Refinement Workers: 4
 Periodic GC: Disabled
Heap:
 garbage-first heap   total 520192K, used 233580K [0x0000000080000000, 0x0000000100000000)
  region size 1024K, 4 young (4096K), 4 survivors (4096K)
 Metaspace       used 201148K, committed 203648K, reserved 1245184K
  class space    used 25659K, committed 26880K, reserved 1048576K
GC Heap History (20 events):
Event: 22206.818 GC heap after
{Heap after GC invocations=180 (full 2):
 garbage-first heap   total 453632K, used 188530K [0x0000000080000000, 0x0000000100000000)
  region size 1024K, 21 young (21504K), 21 survivors (21504K)
 Metaspace       used 186181K, committed 188288K, reserved 1245184K
  class space    used 23922K, committed 24960K, reserved 1048576K
}
Event: 22216.207 GC heap before
{Heap before GC invocations=180 (full 2):
 garbage-first heap   total 453632K, used 244850K [0x0000000080000000, 0x0000000100000000)
  region size 1024K, 76 young (77824K), 21 survivors (21504K)
 Metaspace       used 195382K, committed 197504K, reserved 1245184K
  class space    used 24719K, committed 25792K, reserved 1048576K
}
Event: 22216.308 GC heap after
{Heap after GC invocations=181 (full 2):
 garbage-first heap   total 453632K, used 191675K [0x0000000080000000, 0x0000000100000000)
  region size 1024K, 3 young (3072K), 3 survivors (3072K)
 Metaspace       used 195382K, committed 197504K, reserved 1245184K
  class space    used 24719K, committed 25792K, reserved 1048576K
}
Event: 22270.501 GC heap before
{Heap before GC invocations=182 (full 2):
 garbage-first heap   total 453632K, used 387259K [0x0000000080000000, 0x0000000100000000)
  region size 1024K, 195 young (199680K), 3 survivors (3072K)
 Metaspace       used 200483K, committed 202880K, reserved 1245184K
  class space    used 25570K, committed 26752K, reserved 1048576K
}
Event: 22272.357 GC heap after
{Heap after GC invocations=183 (full 2):
 garbage-first heap   total 453632K, used 202939K [0x0000000080000000, 0x0000000100000000)
  region size 1024K, 21 young (21504K), 21 survivors (21504K)
 Metaspace       used 200483K, committed 202880K, reserved 1245184K
  class space    used 25570K, committed 26752K, reserved 1048576K
}
Event: 22605.598 GC heap before
{Heap before GC invocations=183 (full 2):
 garbage-first heap   total 453632K, used 398523K [0x0000000080000000, 0x0000000100000000)
  region size 1024K, 213 young (218112K), 21 survivors (21504K)
 Metaspace       used 200968K, committed 203392K, reserved 1245184K
  class space    used 25642K, committed 26880K, reserved 1048576K
}
Event: 22606.455 GC heap after
{Heap after GC invocations=184 (full 2):
 garbage-first heap   total 520192K, used 200358K [0x0000000080000000, 0x0000000100000000)
  region size 1024K, 6 young (6144K), 6 survivors (6144K)
 Metaspace       used 200968K, committed 203392K, reserved 1245184K
  class space    used 25642K, committed 26880K, reserved 1048576K
}
Event: 22613.017 GC heap before
{Heap before GC invocations=184 (full 2):
 garbage-first heap   total 520192K, used 219814K [0x0000000080000000, 0x0000000100000000)
  region size 1024K, 25 young (25600K), 6 survivors (6144K)
 Metaspace       used 200975K, committed 203456K, reserved 1245184K
  class space    used 25642K, committed 26880K, reserved 1048576K
}
Event: 22613.093 GC heap after
{Heap after GC invocations=185 (full 2):
 garbage-first heap   total 520192K, used 202525K [0x0000000080000000, 0x0000000100000000)
  region size 1024K, 2 young (2048K), 2 survivors (2048K)
 Metaspace       used 200975K, committed 203456K, reserved 1245184K
  class space    used 25642K, committed 26880K, reserved 1048576K
}
Event: 22632.431 GC heap before
{Heap before GC invocations=185 (full 2):
 garbage-first heap   total 520192K, used 224029K [0x0000000080000000, 0x0000000100000000)
  region size 1024K, 25 young (25600K), 2 survivors (2048K)
 Metaspace       used 200823K, committed 203520K, reserved 1245184K
  class space    used 25609K, committed 26880K, reserved 1048576K
}
Event: 22632.505 GC heap after
{Heap after GC invocations=186 (full 2):
 garbage-first heap   total 520192K, used 201924K [0x0000000080000000, 0x0000000100000000)
  region size 1024K, 4 young (4096K), 4 survivors (4096K)
 Metaspace       used 200823K, committed 203520K, reserved 1245184K
  class space    used 25609K, committed 26880K, reserved 1048576K
}
Event: 22633.313 GC heap before
{Heap before GC invocations=186 (full 2):
 garbage-first heap   total 520192K, used 226500K [0x0000000080000000, 0x0000000100000000)
  region size 1024K, 28 young (28672K), 4 survivors (4096K)
 Metaspace       used 200862K, committed 203520K, reserved 1245184K
  class space    used 25618K, committed 26880K, reserved 1048576K
}
Event: 22633.346 GC heap after
{Heap after GC invocations=187 (full 2):
 garbage-first heap   total 520192K, used 205028K [0x0000000080000000, 0x0000000100000000)
  region size 1024K, 4 young (4096K), 4 survivors (4096K)
 Metaspace       used 200862K, committed 203520K, reserved 1245184K
  class space    used 25618K, committed 26880K, reserved 1048576K
}
Event: 22637.998 GC heap before
{Heap before GC invocations=187 (full 2):
 garbage-first heap   total 520192K, used 241892K [0x0000000080000000, 0x0000000100000000)
  region size 1024K, 25 young (25600K), 4 survivors (4096K)
 Metaspace       used 201125K, committed 203648K, reserved 1245184K
  class space    used 25659K, committed 26880K, reserved 1048576K
}
Event: 22638.061 GC heap after
{Heap after GC invocations=188 (full 2):
 garbage-first heap   total 520192K, used 214196K [0x0000000080000000, 0x0000000100000000)
  region size 1024K, 2 young (2048K), 2 survivors (2048K)
 Metaspace       used 201125K, committed 203648K, reserved 1245184K
  class space    used 25659K, committed 26880K, reserved 1048576K
}
Event: 22638.485 GC heap before
{Heap before GC invocations=188 (full 2):
 garbage-first heap   total 520192K, used 252084K [0x0000000080000000, 0x0000000100000000)
  region size 1024K, 39 young (39936K), 2 survivors (2048K)
 Metaspace       used 201130K, committed 203648K, reserved 1245184K
  class space    used 25659K, committed 26880K, reserved 1048576K
}
Event: 22638.546 GC heap after
{Heap after GC invocations=189 (full 2):
 garbage-first heap   total 520192K, used 220603K [0x0000000080000000, 0x0000000100000000)
  region size 1024K, 5 young (5120K), 5 survivors (5120K)
 Metaspace       used 201130K, committed 203648K, reserved 1245184K
  class space    used 25659K, committed 26880K, reserved 1048576K
}
Event: 22638.792 GC heap before
{Heap before GC invocations=189 (full 2):
 garbage-first heap   total 520192K, used 241083K [0x0000000080000000, 0x0000000100000000)
  region size 1024K, 25 young (25600K), 5 survivors (5120K)
 Metaspace       used 201137K, committed 203648K, reserved 1245184K
  class space    used 25659K, committed 26880K, reserved 1048576K
}
Event: 22638.816 GC heap after
{Heap after GC invocations=190 (full 2):
 garbage-first heap   total 520192K, used 226962K [0x0000000080000000, 0x0000000100000000)
  region size 1024K, 4 young (4096K), 4 survivors (4096K)
 Metaspace       used 201137K, committed 203648K, reserved 1245184K
  class space    used 25659K, committed 26880K, reserved 1048576K
}
Event: 22639.151 GC heap before
{Heap before GC invocations=190 (full 2):
 garbage-first heap   total 520192K, used 248466K [0x0000000080000000, 0x0000000100000000)
  region size 1024K, 25 young (25600K), 4 survivors (4096K)
 Metaspace       used 201148K, committed 203648K, reserved 1245184K
  class space    used 25659K, committed 26880K, reserved 1048576K
}

