# JRE version: Java(TM) SE Runtime Environment (21.0+35) (build 21+35-LTS-2513)
# Java VM: Java HotSpot(TM) 64-Bit Server VM (21+35-LTS-2513, mixed mode, sharing, tiered, compressed oops, compressed class ptrs, g1 gc, windows-amd64)
GC Precious Log:
 CardTable entry size: 512
 Card Set container configuration: InlinePtr #cards 5 size 8 Array Of Cards #cards 12 size 40 Howl #buckets 4 coarsen threshold 1843 Howl Bitmap #cards 512 size 80 coarsen threshold 460 Card regions per heap region 1 cards per card region 2048
 CPUs: 4 total, 4 available
 Memory: 6095M
 Large Page Support: Disabled
 NUMA Support: Disabled
 Compressed Oops: Enabled (32-bit)
 Heap Region Size: 1M
 Heap Min Capacity: 8M
 Heap Initial Capacity: 96M
 Heap Max Capacity: 2G
 Pre-touch: Disabled
 Parallel Workers: 4
 Concurrent Workers: 1
 Concurrent Refinement Workers: 4
 Periodic GC: Disabled
Heap:
 garbage-first heap   total 158720K, used 103705K [0x0000000080000000, 0x0000000100000000)
  region size 1024K, 13 young (13312K), 7 survivors (7168K)
 Metaspace       used 97248K, committed 99520K, reserved 1179648K
  class space    used 13716K, committed 14848K, reserved 1048576K
GC Heap History (20 events):
Event: 67.918 GC heap before
{Heap before GC invocations=30 (full 0):
 garbage-first heap   total 128000K, used 113123K [0x0000000080000000, 0x0000000100000000)
  region size 1024K, 40 young (40960K), 3 survivors (3072K)
 Metaspace       used 73252K, committed 75200K, reserved 1114112K
  class space    used 10188K, committed 11136K, reserved 1048576K
}
Event: 67.930 GC heap after
{Heap after GC invocations=31 (full 0):
 garbage-first heap   total 128000K, used 76146K [0x0000000080000000, 0x0000000100000000)
  region size 1024K, 3 young (3072K), 3 survivors (3072K)
 Metaspace       used 73252K, committed 75200K, reserved 1114112K
  class space    used 10188K, committed 11136K, reserved 1048576K
}
Event: 69.865 GC heap before
{Heap before GC invocations=31 (full 0):
 garbage-first heap   total 128000K, used 115058K [0x0000000080000000, 0x0000000100000000)
  region size 1024K, 41 young (41984K), 3 survivors (3072K)
 Metaspace       used 75811K, committed 77824K, reserved 1179648K
  class space    used 10585K, committed 11584K, reserved 1048576K
}
Event: 69.877 GC heap after
{Heap after GC invocations=32 (full 0):
 garbage-first heap   total 128000K, used 79014K [0x0000000080000000, 0x0000000100000000)
  region size 1024K, 6 young (6144K), 6 survivors (6144K)
 Metaspace       used 75811K, committed 77824K, reserved 1179648K
  class space    used 10585K, committed 11584K, reserved 1048576K
}
Event: 70.561 GC heap before
{Heap before GC invocations=33 (full 0):
 garbage-first heap   total 138240K, used 111782K [0x0000000080000000, 0x0000000100000000)
  region size 1024K, 39 young (39936K), 6 survivors (6144K)
 Metaspace       used 76127K, committed 78144K, reserved 1179648K
  class space    used 10622K, committed 11584K, reserved 1048576K
}
Event: 70.573 GC heap after
{Heap after GC invocations=34 (full 0):
 garbage-first heap   total 138240K, used 83393K [0x0000000080000000, 0x0000000100000000)
  region size 1024K, 5 young (5120K), 5 survivors (5120K)
 Metaspace       used 76127K, committed 78144K, reserved 1179648K
  class space    used 10622K, committed 11584K, reserved 1048576K
}
Event: 71.749 GC heap before
{Heap before GC invocations=34 (full 0):
 garbage-first heap   total 138240K, used 124353K [0x0000000080000000, 0x0000000100000000)
  region size 1024K, 44 young (45056K), 5 survivors (5120K)
 Metaspace       used 78939K, committed 81024K, reserved 1179648K
  class space    used 10996K, committed 12032K, reserved 1048576K
}
Event: 71.758 GC heap after
{Heap after GC invocations=35 (full 0):
 garbage-first heap   total 138240K, used 83121K [0x0000000080000000, 0x0000000100000000)
  region size 1024K, 2 young (2048K), 2 survivors (2048K)
 Metaspace       used 78939K, committed 81024K, reserved 1179648K
  class space    used 10996K, committed 12032K, reserved 1048576K
}
Event: 72.758 GC heap before
{Heap before GC invocations=35 (full 0):
 garbage-first heap   total 138240K, used 125105K [0x0000000080000000, 0x0000000100000000)
  region size 1024K, 43 young (44032K), 2 survivors (2048K)
 Metaspace       used 82050K, committed 84160K, reserved 1179648K
  class space    used 11581K, committed 12608K, reserved 1048576K
}
Event: 72.765 GC heap after
{Heap after GC invocations=36 (full 0):
 garbage-first heap   total 138240K, used 84353K [0x0000000080000000, 0x0000000100000000)
  region size 1024K, 3 young (3072K), 3 survivors (3072K)
 Metaspace       used 82050K, committed 84160K, reserved 1179648K
  class space    used 11581K, committed 12608K, reserved 1048576K
}
Event: 74.659 GC heap before
{Heap before GC invocations=37 (full 0):
 garbage-first heap   total 150528K, used 126337K [0x0000000080000000, 0x0000000100000000)
  region size 1024K, 44 young (45056K), 3 survivors (3072K)
 Metaspace       used 84708K, committed 86848K, reserved 1179648K
  class space    used 11945K, committed 12992K, reserved 1048576K
}
Event: 74.667 GC heap after
{Heap after GC invocations=38 (full 0):
 garbage-first heap   total 150528K, used 86401K [0x0000000080000000, 0x0000000100000000)
  region size 1024K, 5 young (5120K), 5 survivors (5120K)
 Metaspace       used 84708K, committed 86848K, reserved 1179648K
  class space    used 11945K, committed 12992K, reserved 1048576K
}
Event: 78.431 GC heap before
{Heap before GC invocations=38 (full 0):
 garbage-first heap   total 150528K, used 136577K [0x0000000080000000, 0x0000000100000000)
  region size 1024K, 54 young (55296K), 5 survivors (5120K)
 Metaspace       used 86278K, committed 88448K, reserved 1179648K
  class space    used 12154K, committed 13248K, reserved 1048576K
}
Event: 78.446 GC heap after
{Heap after GC invocations=39 (full 0):
 garbage-first heap   total 150528K, used 88689K [0x0000000080000000, 0x0000000100000000)
  region size 1024K, 7 young (7168K), 7 survivors (7168K)
 Metaspace       used 86278K, committed 88448K, reserved 1179648K
  class space    used 12154K, committed 13248K, reserved 1048576K
}
Event: 82.925 GC heap before
{Heap before GC invocations=39 (full 0):
 garbage-first heap   total 150528K, used 134769K [0x0000000080000000, 0x0000000100000000)
  region size 1024K, 52 young (53248K), 7 survivors (7168K)
 Metaspace       used 89485K, committed 91648K, reserved 1179648K
  class space    used 12645K, committed 13760K, reserved 1048576K
}
Event: 82.946 GC heap after
{Heap after GC invocations=40 (full 0):
 garbage-first heap   total 150528K, used 92160K [0x0000000080000000, 0x0000000100000000)
  region size 1024K, 7 young (7168K), 7 survivors (7168K)
 Metaspace       used 89485K, committed 91648K, reserved 1179648K
  class space    used 12645K, committed 13760K, reserved 1048576K
}
Event: 87.364 GC heap before
{Heap before GC invocations=41 (full 0):
 garbage-first heap   total 158720K, used 132096K [0x0000000080000000, 0x0000000100000000)
  region size 1024K, 48 young (49152K), 7 survivors (7168K)
 Metaspace       used 93907K, committed 96128K, reserved 1179648K
  class space    used 13332K, committed 14400K, reserved 1048576K
}
Event: 87.387 GC heap after
{Heap after GC invocations=42 (full 0):
 garbage-first heap   total 158720K, used 94854K [0x0000000080000000, 0x0000000100000000)
  region size 1024K, 4 young (4096K), 4 survivors (4096K)
 Metaspace       used 93907K, committed 96128K, reserved 1179648K
  class space    used 13332K, committed 14400K, reserved 1048576K
}
Event: 92.783 GC heap before
{Heap before GC invocations=42 (full 0):
 garbage-first heap   total 158720K, used 144006K [0x0000000080000000, 0x0000000100000000)
  region size 1024K, 53 young (54272K), 4 survivors (4096K)
 Metaspace       used 96761K, committed 99072K, reserved 1179648K
  class space    used 13655K, committed 14848K, reserved 1048576K
}
Event: 92.801 GC heap after
{Heap after GC invocations=43 (full 0):
 garbage-first heap   total 158720K, used 98585K [0x0000000080000000, 0x0000000100000000)
  region size 1024K, 7 young (7168K), 7 survivors (7168K)
 Metaspace       used 96761K, committed 99072K, reserved 1179648K
  class space    used 13655K, committed 14848K, reserved 1048576K
}

