# JRE version: Java(TM) SE Runtime Environment (21.0+35) (build 21+35-LTS-2513)
# Java VM: Java HotSpot(TM) 64-Bit Server VM (21+35-LTS-2513, mixed mode, sharing, tiered, compressed oops, compressed class ptrs, g1 gc, windows-amd64)
GC Precious Log:
 CardTable entry size: 512
 Card Set container configuration: InlinePtr #cards 5 size 8 Array Of Cards #cards 12 size 40 Howl #buckets 4 coarsen threshold 1843 Howl Bitmap #cards 512 size 80 coarsen threshold 460 Card regions per heap region 1 cards per card region 2048
 CPUs: 4 total, 4 available
 Memory: 6095M
 Large Page Support: Disabled
 NUMA Support: Disabled
 Compressed Oops: Enabled (32-bit)
 Heap Region Size: 1M
 Heap Min Capacity: 8M
 Heap Initial Capacity: 96M
 Heap Max Capacity: 2G
 Pre-touch: Disabled
 Parallel Workers: 4
 Concurrent Workers: 1
 Concurrent Refinement Workers: 4
 Periodic GC: Disabled
Heap:
 garbage-first heap   total 198656K, used 150555K [0x0000000080000000, 0x0000000100000000)
  region size 1024K, 43 young (44032K), 5 survivors (5120K)
 Metaspace       used 101024K, committed 103424K, reserved 1179648K
  class space    used 13675K, committed 14848K, reserved 1048576K
GC Heap History (20 events):
Event: 117.916 GC heap before
{Heap before GC invocations=27 (full 0):
 garbage-first heap   total 106496K, used 92460K [0x0000000080000000, 0x0000000100000000)
  region size 1024K, 42 young (43008K), 3 survivors (3072K)
 Metaspace       used 69928K, committed 71808K, reserved 1114112K
  class space    used 9644K, committed 10560K, reserved 1048576K
}
Event: 117.923 GC heap after
{Heap after GC invocations=28 (full 0):
 garbage-first heap   total 106496K, used 54480K [0x0000000080000000, 0x0000000100000000)
  region size 1024K, 4 young (4096K), 4 survivors (4096K)
 Metaspace       used 69928K, committed 71808K, reserved 1114112K
  class space    used 9644K, committed 10560K, reserved 1048576K
}
Event: 120.987 GC heap before
{Heap before GC invocations=29 (full 0):
 garbage-first heap   total 112640K, used 111824K [0x0000000080000000, 0x0000000100000000)
  region size 1024K, 40 young (40960K), 4 survivors (4096K)
 Metaspace       used 75114K, committed 77056K, reserved 1114112K
  class space    used 10729K, committed 11648K, reserved 1048576K
}
Event: 120.997 GC heap after
{Heap after GC invocations=30 (full 0):
 garbage-first heap   total 118784K, used 63416K [0x0000000080000000, 0x0000000100000000)
  region size 1024K, 5 young (5120K), 5 survivors (5120K)
 Metaspace       used 75114K, committed 77056K, reserved 1114112K
  class space    used 10729K, committed 11648K, reserved 1048576K
}
Event: 121.772 GC heap before
{Heap before GC invocations=30 (full 0):
 garbage-first heap   total 118784K, used 109496K [0x0000000080000000, 0x0000000100000000)
  region size 1024K, 46 young (47104K), 5 survivors (5120K)
 Metaspace       used 75234K, committed 77184K, reserved 1179648K
  class space    used 10734K, committed 11648K, reserved 1048576K
}
Event: 121.807 GC heap after
{Heap after GC invocations=31 (full 0):
 garbage-first heap   total 130048K, used 73327K [0x0000000080000000, 0x0000000100000000)
  region size 1024K, 6 young (6144K), 6 survivors (6144K)
 Metaspace       used 75234K, committed 77184K, reserved 1179648K
  class space    used 10734K, committed 11648K, reserved 1048576K
}
Event: 121.991 GC heap before
{Heap before GC invocations=31 (full 0):
 garbage-first heap   total 130048K, used 79471K [0x0000000080000000, 0x0000000100000000)
  region size 1024K, 13 young (13312K), 6 survivors (6144K)
 Metaspace       used 75235K, committed 77184K, reserved 1179648K
  class space    used 10734K, committed 11648K, reserved 1048576K
}
Event: 122.004 GC heap after
{Heap after GC invocations=32 (full 0):
 garbage-first heap   total 130048K, used 77447K [0x0000000080000000, 0x0000000100000000)
  region size 1024K, 3 young (3072K), 3 survivors (3072K)
 Metaspace       used 75235K, committed 77184K, reserved 1179648K
  class space    used 10734K, committed 11648K, reserved 1048576K
}
Event: 122.311 GC heap before
{Heap before GC invocations=33 (full 0):
 garbage-first heap   total 163840K, used 111239K [0x0000000080000000, 0x0000000100000000)
  region size 1024K, 35 young (35840K), 3 survivors (3072K)
 Metaspace       used 75240K, committed 77184K, reserved 1179648K
  class space    used 10734K, committed 11648K, reserved 1048576K
}
Event: 122.327 GC heap after
{Heap after GC invocations=34 (full 0):
 garbage-first heap   total 163840K, used 81888K [0x0000000080000000, 0x0000000100000000)
  region size 1024K, 5 young (5120K), 5 survivors (5120K)
 Metaspace       used 75240K, committed 77184K, reserved 1179648K
  class space    used 10734K, committed 11648K, reserved 1048576K
}
Event: 132.504 GC heap before
{Heap before GC invocations=34 (full 0):
 garbage-first heap   total 163840K, used 146400K [0x0000000080000000, 0x0000000100000000)
  region size 1024K, 56 young (57344K), 5 survivors (5120K)
 Metaspace       used 79967K, committed 81984K, reserved 1179648K
  class space    used 11266K, committed 12224K, reserved 1048576K
}
Event: 132.516 GC heap after
{Heap after GC invocations=35 (full 0):
 garbage-first heap   total 163840K, used 98883K [0x0000000080000000, 0x0000000100000000)
  region size 1024K, 7 young (7168K), 7 survivors (7168K)
 Metaspace       used 79967K, committed 81984K, reserved 1179648K
  class space    used 11266K, committed 12224K, reserved 1048576K
}
Event: 134.832 GC heap before
{Heap before GC invocations=35 (full 0):
 garbage-first heap   total 163840K, used 140867K [0x0000000080000000, 0x0000000100000000)
  region size 1024K, 48 young (49152K), 7 survivors (7168K)
 Metaspace       used 85011K, committed 86912K, reserved 1179648K
  class space    used 11691K, committed 12608K, reserved 1048576K
}
Event: 134.846 GC heap after
{Heap after GC invocations=36 (full 0):
 garbage-first heap   total 163840K, used 103681K [0x0000000080000000, 0x0000000100000000)
  region size 1024K, 4 young (4096K), 4 survivors (4096K)
 Metaspace       used 85011K, committed 86912K, reserved 1179648K
  class space    used 11691K, committed 12608K, reserved 1048576K
}
Event: 137.688 GC heap before
{Heap before GC invocations=37 (full 0):
 garbage-first heap   total 181248K, used 143617K [0x0000000080000000, 0x0000000100000000)
  region size 1024K, 43 young (44032K), 4 survivors (4096K)
 Metaspace       used 89713K, committed 92032K, reserved 1179648K
  class space    used 12349K, committed 13440K, reserved 1048576K
}
Event: 137.696 GC heap after
{Heap after GC invocations=38 (full 0):
 garbage-first heap   total 181248K, used 105393K [0x0000000080000000, 0x0000000100000000)
  region size 1024K, 6 young (6144K), 6 survivors (6144K)
 Metaspace       used 89713K, committed 92032K, reserved 1179648K
  class space    used 12349K, committed 13440K, reserved 1048576K
}
Event: 147.947 GC heap before
{Heap before GC invocations=38 (full 0):
 garbage-first heap   total 181248K, used 160689K [0x0000000080000000, 0x0000000100000000)
  region size 1024K, 59 young (60416K), 6 survivors (6144K)
 Metaspace       used 95533K, committed 97920K, reserved 1179648K
  class space    used 13085K, committed 14272K, reserved 1048576K
}
Event: 147.964 GC heap after
{Heap after GC invocations=39 (full 0):
 garbage-first heap   total 181248K, used 110012K [0x0000000080000000, 0x0000000100000000)
  region size 1024K, 8 young (8192K), 8 survivors (8192K)
 Metaspace       used 95533K, committed 97920K, reserved 1179648K
  class space    used 13085K, committed 14272K, reserved 1048576K
}
Event: 152.713 GC heap before
{Heap before GC invocations=39 (full 0):
 garbage-first heap   total 181248K, used 161212K [0x0000000080000000, 0x0000000100000000)
  region size 1024K, 58 young (59392K), 8 survivors (8192K)
 Metaspace       used 97655K, committed 99968K, reserved 1179648K
  class space    used 13298K, committed 14464K, reserved 1048576K
}
Event: 152.727 GC heap after
{Heap after GC invocations=40 (full 0):
 garbage-first heap   total 181248K, used 112667K [0x0000000080000000, 0x0000000100000000)
  region size 1024K, 5 young (5120K), 5 survivors (5120K)
 Metaspace       used 97655K, committed 99968K, reserved 1179648K
  class space    used 13298K, committed 14464K, reserved 1048576K
}

